<?xml version="1.0" encoding="UTF-8"?>
<testsuite xmlns:xsi="http://www.w3.org/2001/XMLSchema-instance" xsi:schemaLocation="https://maven.apache.org/surefire/maven-surefire-plugin/xsd/surefire-test-report.xsd" name="TestSuite" time="87.967" tests="1" errors="0" skipped="0" failures="0">
  <properties>
    <property name="PROCESSOR_ARCHITECTURE" value="x86"/>
    <property name="file.encoding.pkg" value="sun.io"/>
    <property name="LOGONSERVER" value="\\PU2DC3201"/>
    <property name="ProgramData" value="C:\ProgramData"/>
    <property name="java.home" value="C:\Program Files\Java\jdk1.8.0_162\jre"/>
    <property name="NODE_NAME" value="master"/>
    <property name="JENKINS_URL" value="http://localhost:8080/"/>
    <property name="ALLUSERSPROFILE" value="C:\ProgramData"/>
    <property name="java.endorsed.dirs" value="C:\Program Files\Java\jdk1.8.0_162\jre\lib\endorsed"/>
    <property name="OneDriveCommercial" value="C:\Users\pratiksha.daptare\OneDrive - Accenture"/>
    <property name="PSModulePath" value="C:\Program Files (x86)\WindowsPowerShell\Modules;C:\WINDOWS\system32\WindowsPowerShell\v1.0\Modules;C:\Program Files (x86)\Microsoft Azure Information Protection\Powershell;C:\Program Files (x86)\AutoIt3\AutoItX"/>
    <property name="=::" value="::\"/>
    <property name="USERDOMAIN" value="DIR"/>
    <property name="sun.os.patch.level" value=""/>
    <property name="java.vendor.url" value="http://java.oracle.com/"/>
    <property name="CommonProgramFiles(x86)" value="C:\Program Files (x86)\Common Files"/>
    <property name="java.version" value="1.8.0_162-ea"/>
    <property name="JOB_NAME" value="FebMavenjenkinsDemo"/>
    <property name="COMPUTERNAME" value="P3ALAP-FFGKPN2"/>
    <property name="MSJAVA_ENABLE_MONITORS" value="1"/>
    <property name="ANDROID_HOME" value="C:\Users\pratiksha.daptare\AppData\Local\Android\Sdk"/>
    <property name="java.vendor.url.bug" value="http://bugreport.sun.com/bugreport/"/>
    <property name="PUBLIC" value="C:\Users\Public"/>
    <property name="user.name" value="pratiksha.daptare"/>
    <property name="sun.io.unicode.encoding" value="UnicodeLittle"/>
    <property name="sun.jnu.encoding" value="Cp1252"/>
    <property name="java.runtime.name" value="Java(TM) SE Runtime Environment"/>
    <property name="windir" value="C:\WINDOWS"/>
    <property name="PROCESSOR_IDENTIFIER" value="Intel64 Family 6 Model 158 Stepping 9, GenuineIntel"/>
    <property name="java.specification.name" value="Java Platform API Specification"/>
    <property name="LOCALAPPDATA" value="C:\Users\pratiksha.daptare\AppData\Local"/>
    <property name="RUN_CHANGES_DISPLAY_URL" value="http://localhost:8080/job/FebMavenjenkinsDemo/2/display/redirect?page=changes"/>
    <property name="user.timezone" value="Asia/Calcutta"/>
    <property name="PROCESSOR_ARCHITEW6432" value="AMD64"/>
    <property name="user.script" value=""/>
    <property name="path.separator" value=";"/>
    <property name="NUMBER_OF_PROCESSORS" value="8"/>
    <property name="BUILD_TAG" value="jenkins-FebMavenjenkinsDemo-2"/>
    <property name="file.encoding" value="Cp1252"/>
    <property name="sun.java.command" value="jenkins.maven3.agent.Maven35Main C:\Accenture-Pratiksha\SeleniumSoftware\apache-maven-3.5.4-bin\apache-maven-3.5.4 C:\Users\pratiksha.daptare\.jenkins\war\WEB-INF\lib\remoting-3.28.jar C:\Users\pratiksha.daptare\.jenkins\plugins\maven-plugin\WEB-INF\lib\maven35-interceptor-1.12-alpha-1.jar C:\Users\pratiksha.daptare\.jenkins\plugins\maven-plugin\WEB-INF\lib\maven3-interceptor-commons-1.12-alpha-1.jar 53979"/>
    <property name="HUDSON_URL" value="http://localhost:8080/"/>
    <property name="JENKINS_SERVER_COOKIE" value="f01544b6f229c62e"/>
    <property name="=D:" value="D:\"/>
    <property name="EXECUTOR_NUMBER" value="0"/>
    <property name="Path" value="C:\Program Files\Java\jdk1.8.0_162/bin;C:\Program Files (x86)\TRICENTIS\Tosca Testsuite;C:\Tosca_Projects;C:\Program Files (x86)\TRICENTIS\Tosca Testsuite\dll;C:\Program Files (x86)\TRICENTIS\Tosca Testsuite\dll\GuptaEngine;C:\Program Files (x86)\TRICENTIS\Tosca Testsuite\;C:\Program Files (x86)\TRICENTIS\Tosca Testsuite\dll\DelphiEngine;C:\Program Files (x86)\TRICENTIS\Tosca Testsuite\dll\PBEngine;C:\Program Files (x86)\TRICENTIS\Tosca Testsuite\dll\VBEngine;C:\Program Files (x86)\TRICENTIS\Tosca Testsuite\dll\DotNetHooking;;C:\Program Files (x86)\TRICENTIS\Tosca Testsuite\Resources\Mobile\Tools;C:\oraclexe\app\oracle\product\11.2.0\server\bin;C:\Program Files (x86)\Common Files\Oracle\Java\javapath;C:\ProgramData\Oracle\Java\javapath;C:\WINDOWS\system32;C:\WINDOWS;C:\WINDOWS\System32\Wbem;C:\WINDOWS\System32\WindowsPowerShell\v1.0\;C:\Program Files\nodejs\;C:\Users\pratiksha.daptare\AppData\Local\Android\Sdk\tools\bin;C:\Users\pratiksha.daptare\AppData\Local\Android\Sdk\tools;C:\Users\pratiksha.daptare\AppData\Local\Android\Sdk\platform-tools;C:\Program Files\Java\jdk1.8.0_162\\bin;C:\Program Files (x86)\HPE\Unified Functional Testing\bin;C:\Accenture-Pratiksha\Selenium Software\apache-maven-3.5.4-bin\apache-maven-3.5.4\bin\;C:\Accenture-Pratiksha\SeleniumSoftware\apache-maven-3.5.4-bin\apache-maven-3.5.4\bin;C:\WINDOWS\System32\OpenSSH\;C:\Users\pratiksha.daptare\AppData\Local\Programs\Python\Python36-32;C:\Accenture-Pratiksha\SeleniumSoftware\Latest Drivers\geckodriver-v0.23.0-win64;C:\Accenture-Pratiksha\SeleniumSoftware\Latest Drivers\chromedriver_win32;C:\Accenture-Pratiksha\SeleniumSoftware\Latest Drivers\IEDriverServer_Win32_3.14.0;C:\Users\pratiksha.daptare\AppData\Local\Programs\Git\cmd;C:\Program Files\Git\cmd;C:\Users\pratiksha.daptare\AppData\Local\Microsoft\WindowsApps;C:\Users\pratiksha.daptare\AppData\Roaming\npm;C:\Users\pratiksha.daptare\AppData\Local\Android\Sdk\platform-tools\;C:\Users\pratiksha.daptare\AppData\Local\Android\Sdk\tools;C:\Users\pratiksha.daptare\AppData\Local\Android\Sdk\tools\bin;C:\Users\pratiksha.daptare\AppData\Local\Programs\Git\cmd;C:\Users\pratiksha.daptare\AppData\Local\GitHubDesktop\bin"/>
    <property name="java.io.tmpdir" value="C:\Users\PRATIK~1.DAP\AppData\Local\Temp\"/>
    <property name="APPDATA" value="C:\Users\pratiksha.daptare\AppData\Roaming"/>
    <property name="user.language" value="en"/>
    <property name="line.separator" value="&#10;"/>
    <property name="BUILD_URL" value="http://localhost:8080/job/FebMavenjenkinsDemo/2/"/>
    <property name="TESSDATA_PREFIX" value="C:\Program Files (x86)\TRICENTIS\Tosca Testsuite\ocr"/>
    <property name="IBM_JAVA_OPTIONS" value="-Xbootclasspath/a:&quot;C:\Program Files (x86)\HPE\Unified Functional Testing\bin\java_shared\classes\jasmine.jar&quot;"/>
    <property name="M2_HOME" value="C:\Accenture-Pratiksha\SeleniumSoftware\apache-maven-3.5.4-bin\apache-maven-3.5.4"/>
    <property name="TRICENTIS_SEARCH" value="C:\Program Files (x86)\TRICENTIS\Tosca Testsuite\dll;C:\Program Files (x86)\TRICENTIS\Tosca Testsuite\dll\GuptaEngine;C:\Program Files (x86)\TRICENTIS\Tosca Testsuite\;C:\Program Files (x86)\TRICENTIS\Tosca Testsuite\dll\DelphiEngine;C:\Program Files (x86)\TRICENTIS\Tosca Testsuite\dll\PBEngine;C:\Program Files (x86)\TRICENTIS\Tosca Testsuite\dll\VBEngine;C:\Program Files (x86)\TRICENTIS\Tosca Testsuite\dll\DotNetHooking;"/>
    <property name="=C:" value="c:\Jenkins"/>
    <property name="java.vm.info" value="mixed mode"/>
    <property name="DriverData" value="C:\Windows\System32\Drivers\DriverData"/>
    <property name="sun.desktop" value="windows"/>
    <property name="java.vm.specification.name" value="Java Virtual Machine Specification"/>
    <property name="BUILD_DISPLAY_NAME" value="#2"/>
    <property name="OS" value="Windows_NT"/>
    <property name="guice.disable.misplaced.annotation.check" value="true"/>
    <property name="HUDSON_SERVER_COOKIE" value="f01544b6f229c62e"/>
    <property name="MAVEN_HOME" value="C:\Accenture-Pratiksha\SeleniumSoftware\apache-maven-3.5.4-bin\apache-maven-3.5.4"/>
    <property name="SESSIONNAME" value="Console"/>
    <property name="PATHEXT" value=".COM;.EXE;.BAT;.CMD;.VBS;.VBE;.JS;.JSE;.WSF;.WSH;.MSC"/>
    <property name="java.awt.printerjob" value="sun.awt.windows.WPrinterJob"/>
    <property name="maven3.interceptor.common" value="C:\Users\pratiksha.daptare\.jenkins\plugins\maven-plugin\WEB-INF\lib\maven3-interceptor-commons-1.12-alpha-1.jar"/>
    <property name="CLASSPATH" value=""/>
    <property name="ST_INSTALL_PATH" value="C:\Program Files (x86)\HPE\Unified Functional Testing\"/>
    <property name="HOMEPATH" value="\Users\pratiksha.daptare"/>
    <property name="=Z:" value="Z:\"/>
    <property name="TRICENTIS_ALLUSERS_APPDATA" value="C:\ProgramData\TRICENTIS\TOSCA Testsuite\7.0.0"/>
    <property name="os.name" value="Windows 10"/>
    <property name="java.specification.vendor" value="Oracle Corporation"/>
    <property name="java.vm.name" value="Java HotSpot(TM) 64-Bit Server VM"/>
    <property name="BUILD_NUMBER" value="2"/>
    <property name="maven3.interceptor" value="C:\Users\pratiksha.daptare\.jenkins\plugins\maven-plugin\WEB-INF\lib\maven35-interceptor-1.12-alpha-1.jar"/>
    <property name="java.library.path" value="C:\Program Files\Java\jdk1.8.0_162\bin;C:\WINDOWS\Sun\Java\bin;C:\WINDOWS\system32;C:\WINDOWS;C:\Accenture-Pratiksha\SeleniumSoftware\apache-maven-3.5.4-bin\apache-maven-3.5.4/bin;C:\Program Files\Java\jdk1.8.0_162/bin;C:\Program Files\Java\jdk1.8.0_162/bin;C:\Program Files (x86)\TRICENTIS\Tosca Testsuite;C:\Tosca_Projects;C:\Program Files (x86)\TRICENTIS\Tosca Testsuite\dll;C:\Program Files (x86)\TRICENTIS\Tosca Testsuite\dll\GuptaEngine;C:\Program Files (x86)\TRICENTIS\Tosca Testsuite\;C:\Program Files (x86)\TRICENTIS\Tosca Testsuite\dll\DelphiEngine;C:\Program Files (x86)\TRICENTIS\Tosca Testsuite\dll\PBEngine;C:\Program Files (x86)\TRICENTIS\Tosca Testsuite\dll\VBEngine;C:\Program Files (x86)\TRICENTIS\Tosca Testsuite\dll\DotNetHooking;;C:\Program Files (x86)\TRICENTIS\Tosca Testsuite\Resources\Mobile\Tools;C:\oraclexe\app\oracle\product\11.2.0\server\bin;C:\Program Files (x86)\Common Files\Oracle\Java\javapath;C:\ProgramData\Oracle\Java\javapath;C:\WINDOWS\system32;C:\WINDOWS;C:\WINDOWS\System32\Wbem;C:\WINDOWS\System32\WindowsPowerShell\v1.0\;C:\Program Files\nodejs\;C:\Users\pratiksha.daptare\AppData\Local\Android\Sdk\tools\bin;C:\Users\pratiksha.daptare\AppData\Local\Android\Sdk\tools;C:\Users\pratiksha.daptare\AppData\Local\Android\Sdk\platform-tools;C:\Program Files\Java\jdk1.8.0_162\\bin;C:\Program Files (x86)\HPE\Unified Functional Testing\bin;C:\Accenture-Pratiksha\Selenium Software\apache-maven-3.5.4-bin\apache-maven-3.5.4\bin\;C:\Accenture-Pratiksha\SeleniumSoftware\apache-maven-3.5.4-bin\apache-maven-3.5.4\bin;C:\WINDOWS\System32\OpenSSH\;C:\Users\pratiksha.daptare\AppData\Local\Programs\Python\Python36-32;C:\Accenture-Pratiksha\SeleniumSoftware\Latest Drivers\geckodriver-v0.23.0-win64;C:\Accenture-Pratiksha\SeleniumSoftware\Latest Drivers\chromedriver_win32;C:\Accenture-Pratiksha\SeleniumSoftware\Latest Drivers\IEDriverServer_Win32_3.14.0;C:\Users\pratiksha.daptare\AppData\Local\Programs\Git\cmd;C:\Program Files\Git\cmd;C:\Users\pratiksha.daptare\AppData\Local\Microsoft\WindowsApps;C:\Users\pratiksha.daptare\AppData\Roaming\npm;C:\Users\pratiksha.daptare\AppData\Local\Android\Sdk\platform-tools\;C:\Users\pratiksha.daptare\AppData\Local\Android\Sdk\tools;C:\Users\pratiksha.daptare\AppData\Local\Android\Sdk\tools\bin;C:\Users\pratiksha.daptare\AppData\Local\Programs\Git\cmd;C:\Users\pratiksha.daptare\AppData\Local\GitHubDesktop\bin;."/>
    <property name="HOMEDRIVE" value="C:"/>
    <property name="POM_GROUPID" value="com.test"/>
    <property name="POM_ARTIFACTID" value="MavenJenkinsDemo"/>
    <property name="java.class.version" value="52.0"/>
    <property name="JOB_URL" value="http://localhost:8080/job/FebMavenjenkinsDemo/"/>
    <property name="OneDrive" value="C:\Users\pratiksha.daptare\OneDrive - Accenture"/>
    <property name="RUN_DISPLAY_URL" value="http://localhost:8080/job/FebMavenjenkinsDemo/2/display/redirect"/>
    <property name="JENKINS_HOME" value="C:\Users\pratiksha.daptare\.jenkins"/>
    <property name="BUILD_ID" value="2"/>
    <property name="TEMP" value="C:\Users\PRATIK~1.DAP\AppData\Local\Temp"/>
    <property name="sun.boot.library.path" value="C:\Program Files\Java\jdk1.8.0_162\jre\bin"/>
    <property name="sun.management.compiler" value="HotSpot 64-Bit Tiered Compilers"/>
    <property name="java.awt.graphicsenv" value="sun.awt.Win32GraphicsEnvironment"/>
    <property name="user.variant" value=""/>
    <property name="PROCESSOR_REVISION" value="9e09"/>
    <property name="TRICENTIS_PROJECTS" value="C:\Tosca_Projects"/>
    <property name="POM_VERSION" value="0.0.1-SNAPSHOT"/>
    <property name="python" value="C:\Users\pratiksha.daptare\AppData\Local\Programs\Python\Python36-32"/>
    <property name="HUDSON_HOME" value="C:\Users\pratiksha.daptare\.jenkins"/>
    <property name="ProgramFiles(x86)" value="C:\Program Files (x86)"/>
    <property name="PATH+MAVEN" value="C:\Accenture-Pratiksha\SeleniumSoftware\apache-maven-3.5.4-bin\apache-maven-3.5.4/bin"/>
    <property name="USERDOMAIN_ROAMINGPROFILE" value="DIR"/>
    <property name="SCITE_USERHOME" value="C:\Users\pratiksha.daptare\AppData\Local\AutoIt v3\SciTE"/>
    <property name="PROMPT" value="$P$G"/>
    <property name="java.vm.specification.version" value="1.8"/>
    <property name="JAVA_HOME" value="C:\Program Files\Java\jdk1.8.0_162"/>
    <property name="awt.toolkit" value="sun.awt.windows.WToolkit"/>
    <property name="NODE_LABELS" value="master"/>
    <property name="sun.cpu.isalist" value="amd64"/>
    <property name="USERPROFILE" value="C:\Users\pratiksha.daptare"/>
    <property name="TRICENTIS_HOME" value="C:\Program Files (x86)\TRICENTIS\Tosca Testsuite"/>
    <property name="JOB_DISPLAY_URL" value="http://localhost:8080/job/FebMavenjenkinsDemo/display/redirect"/>
    <property name="java.ext.dirs" value="C:\Program Files\Java\jdk1.8.0_162\jre\lib\ext;C:\WINDOWS\Sun\Java\lib\ext"/>
    <property name="os.version" value="10.0"/>
    <property name="user.home" value="C:\Users\pratiksha.daptare"/>
    <property name="USERNAME" value="pratiksha.daptare"/>
    <property name="java.vm.vendor" value="Oracle Corporation"/>
    <property name="PROCESSOR_LEVEL" value="6"/>
    <property name="USERDNSDOMAIN" value="DIR.SVC.ACCENTURE.COM"/>
    <property name="CommonProgramW6432" value="C:\Program Files\Common Files"/>
    <property name="user.dir" value="C:\Users\pratiksha.daptare\workspace\JenkinsMavenInte\MavenJenkinsDemo"/>
    <property name="maven.conf" value="C:\Accenture-Pratiksha\SeleniumSoftware\apache-maven-3.5.4-bin\apache-maven-3.5.4\conf"/>
    <property name="ProgramW6432" value="C:\Program Files"/>
    <property name="TMP" value="C:\Users\PRATIK~1.DAP\AppData\Local\Temp"/>
    <property name="UATDATA" value="C:\windows\CCM\UATData\D9F8C395-CAB8-491d-B8AC-179A1FE1BE77"/>
    <property name="_JAVA_OPTIONS" value="-Xbootclasspath/a:&quot;C:\Program Files (x86)\HPE\Unified Functional Testing\bin\java_shared\classes\jasmine.jar&quot;"/>
    <property name="sun.cpu.endian" value="little"/>
    <property name="SystemDrive" value="C:"/>
    <property name="java.vm.version" value="25.162-b03"/>
    <property name="java.class.path" value="C:\Users\pratiksha.daptare\.jenkins\plugins\maven-plugin\WEB-INF\lib\maven35-agent-1.12-alpha-1.jar;C:\Accenture-Pratiksha\SeleniumSoftware\apache-maven-3.5.4-bin\apache-maven-3.5.4\boot\plexus-classworlds-2.5.2.jar;C:\Accenture-Pratiksha\SeleniumSoftware\apache-maven-3.5.4-bin\apache-maven-3.5.4/conf/logging"/>
    <property name="org.slf4j.simpleLogger.defaultLogLevel" value="info"/>
    <property name="JAVA_TOOL_OPTIONS" value="-agentlib:jvmhook"/>
    <property name="os.arch" value="amd64"/>
    <property name="WORKSPACE" value="C:\Users\pratiksha.daptare\.jenkins\workspace\FebMavenjenkinsDemo"/>
    <property name="ComSpec" value="C:\WINDOWS\system32\cmd.exe"/>
    <property name="sun.java.launcher" value="SUN_STANDARD"/>
    <property name="SystemRoot" value="C:\WINDOWS"/>
    <property name="CommonProgramFiles" value="C:\Program Files (x86)\Common Files"/>
    <property name="java.vm.specification.vendor" value="Oracle Corporation"/>
    <property name="file.separator" value="\"/>
    <property name="java.runtime.version" value="1.8.0_162-ea-b03"/>
    <property name="ProgramFiles" value="C:\Program Files (x86)"/>
    <property name="sun.boot.class.path" value="C:\Program Files\Java\jdk1.8.0_162\jre\lib\resources.jar;C:\Program Files\Java\jdk1.8.0_162\jre\lib\rt.jar;C:\Program Files\Java\jdk1.8.0_162\jre\lib\sunrsasign.jar;C:\Program Files\Java\jdk1.8.0_162\jre\lib\jsse.jar;C:\Program Files\Java\jdk1.8.0_162\jre\lib\jce.jar;C:\Program Files\Java\jdk1.8.0_162\jre\lib\charsets.jar;C:\Program Files\Java\jdk1.8.0_162\jre\lib\jfr.jar;C:\Program Files\Java\jdk1.8.0_162\jre\classes;C:\Program Files (x86)\HPE\Unified Functional Testing\bin\java_shared\classes\jasmine.jar"/>
    <property name="PATH+JDK" value="C:\Program Files\Java\jdk1.8.0_162/bin"/>
    <property name="user.country" value="US"/>
    <property name="POM_PACKAGING" value="jar"/>
    <property name="maven.home" value="C:\Accenture-Pratiksha\SeleniumSoftware\apache-maven-3.5.4-bin\apache-maven-3.5.4"/>
    <property name="JOB_BASE_NAME" value="FebMavenjenkinsDemo"/>
    <property name="java.vendor" value="Oracle Corporation"/>
    <property name="POM_DISPLAYNAME" value="MavenJenkinsDemo"/>
    <property name="java.specification.version" value="1.8"/>
    <property name="sun.arch.data.model" value="64"/>
  </properties>
  <testcase name="login" classname="com.test.MavenJenkinsDemo.OpenBrowser" time="37.134"/>
</testsuite>