<?xml version="1.0" encoding="UTF-8"?>
<!-- Generated by org.testng.reporters.JUnitReportReporter -->
<testsuite skipped="0" hostname="P3ALAP-FFGKPN2" name="com.test.MavenJenkinsDemo.OpenBrowser" tests="1" failures="0" timestamp="12 Feb 2019 05:44:21 GMT" time="27.213" errors="0">
  <testcase name="login" time="27.213" classname="com.test.MavenJenkinsDemo.OpenBrowser"/>
</testsuite> <!-- com.test.MavenJenkinsDemo.OpenBrowser -->
